Determining if the pthread_create exist failed with the following output:
Change Dir: /home/ccc_1cf232f2d6_14027/asn31943_2/asn31944_1/work/catkin_ws/build/CMakeFiles/CMakeTmp

Run Build Command:/usr/bin/make "cmTryCompileExec1171315059/fast"
/usr/bin/make -f CMakeFiles/cmTryCompileExec1171315059.dir/build.make CMakeFiles/cmTryCompileExec1171315059.dir/build
make[1]: Entering directory `/home/ccc_1cf232f2d6_14027/asn31943_2/asn31944_1/work/catkin_ws/build/CMakeFiles/CMakeTmp'
/usr/bin/cmake -E cmake_progress_report /home/ccc_1cf232f2d6_14027/asn31943_2/asn31944_1/work/catkin_ws/build/CMakeFiles/CMakeTmp/CMakeFiles 1
Building C object CMakeFiles/cmTryCompileExec1171315059.dir/CheckSymbolExists.c.o
/usr/bin/cc    -o CMakeFiles/cmTryCompileExec1171315059.dir/CheckSymbolExists.c.o   -c /home/ccc_1cf232f2d6_14027/asn31943_2/asn31944_1/work/catkin_ws/build/CMakeFiles/CMakeTmp/CheckSymbolExists.c
Linking C executable cmTryCompileExec1171315059
/usr/bin/cmake -E cmake_link_script CMakeFiles/cmTryCompileExec1171315059.dir/link.txt --verbose=1
/usr/bin/cc       CMakeFiles/cmTryCompileExec1171315059.dir/CheckSymbolExists.c.o  -o cmTryCompileExec1171315059 -rdynamic 
CMakeFiles/cmTryCompileExec1171315059.dir/CheckSymbolExists.c.o: In function `main':
CheckSymbolExists.c:(.text+0x16): undefined reference to `pthread_create'
collect2: error: ld returned 1 exit status
make[1]: *** [cmTryCompileExec1171315059] Error 1
make[1]: Leaving directory `/home/ccc_1cf232f2d6_14027/asn31943_2/asn31944_1/work/catkin_ws/build/CMakeFiles/CMakeTmp'
make: *** [cmTryCompileExec1171315059/fast] Error 2

File /home/ccc_1cf232f2d6_14027/asn31943_2/asn31944_1/work/catkin_ws/build/CMakeFiles/CMakeTmp/CheckSymbolExists.c:
/* */
#include <pthread.h>

int main(int argc, char** argv)
{
  (void)argv;
#ifndef pthread_create
  return ((int*)(&pthread_create))[argc];
#else
  (void)argc;
  return 0;
#endif
}

Determining if the function pthread_create exists in the pthreads failed with the following output:
Change Dir: /home/ccc_1cf232f2d6_14027/asn31943_2/asn31944_1/work/catkin_ws/build/CMakeFiles/CMakeTmp

Run Build Command:/usr/bin/make "cmTryCompileExec204447226/fast"
/usr/bin/make -f CMakeFiles/cmTryCompileExec204447226.dir/build.make CMakeFiles/cmTryCompileExec204447226.dir/build
make[1]: Entering directory `/home/ccc_1cf232f2d6_14027/asn31943_2/asn31944_1/work/catkin_ws/build/CMakeFiles/CMakeTmp'
/usr/bin/cmake -E cmake_progress_report /home/ccc_1cf232f2d6_14027/asn31943_2/asn31944_1/work/catkin_ws/build/CMakeFiles/CMakeTmp/CMakeFiles 1
Building C object CMakeFiles/cmTryCompileExec204447226.dir/CheckFunctionExists.c.o
/usr/bin/cc   -DCHECK_FUNCTION_EXISTS=pthread_create   -o CMakeFiles/cmTryCompileExec204447226.dir/CheckFunctionExists.c.o   -c /usr/share/cmake-2.8/Modules/CheckFunctionExists.c
Linking C executable cmTryCompileExec204447226
/usr/bin/cmake -E cmake_link_script CMakeFiles/cmTryCompileExec204447226.dir/link.txt --verbose=1
/usr/bin/cc   -DCHECK_FUNCTION_EXISTS=pthread_create    CMakeFiles/cmTryCompileExec204447226.dir/CheckFunctionExists.c.o  -o cmTryCompileExec204447226 -rdynamic -lpthreads 
/usr/bin/ld: cannot find -lpthreads
collect2: error: ld returned 1 exit status
make[1]: *** [cmTryCompileExec204447226] Error 1
make[1]: Leaving directory `/home/ccc_1cf232f2d6_14027/asn31943_2/asn31944_1/work/catkin_ws/build/CMakeFiles/CMakeTmp'
make: *** [cmTryCompileExec204447226/fast] Error 2


